<?xml version="1.0" encoding="UTF-8"?>
<testsuite xmlns:xsi="http://www.w3.org/2001/XMLSchema-instance" xsi:noNamespaceSchemaLocation="https://maven.apache.org/surefire/maven-surefire-plugin/xsd/surefire-test-report-3.0.xsd" version="3.0" name="com.dyonhel.testing.BankAccountTest" time="0.058" tests="9" errors="0" skipped="0" failures="0">
  <properties>
[...]
</properties>
  <testcase name="testTransferToNullAccount" classname="com.dyonhel.testing.BankAccountTest" time="0.03"/>
  <testcase name="testWithdrawInsufficientFunds" classname="com.dyonhel.testing.BankAccountTest" time="0.002"/>
  <testcase name="testTransferSuccess" classname="com.dyonhel.testing.BankAccountTest" time="0.001"/>
  <testcase name="testTransferInsufficientFunds" classname="com.dyonhel.testing.BankAccountTest" time="0.003"/>
  <testcase name="testWithdraw" classname="com.dyonhel.testing.BankAccountTest" time="0.001"/>
  <testcase name="testInitialBalance" classname="com.dyonhel.testing.BankAccountTest" time="0.001"/>
  <testcase name="testDepositNegativeAmount" classname="com.dyonhel.testing.BankAccountTest" time="0.001"/>
  <testcase name="testDeposit" classname="com.dyonhel.testing.BankAccountTest" time="0.001"/>
  <testcase name="testWithdrawNegativeAmount" classname="com.dyonhel.testing.BankAccountTest" time="0.001"/>
</testsuite>